<?xml version="1.0" encoding="UTF-8"?>
<testsuite xmlns:xsi="http://www.w3.org/2001/XMLSchema-instance" xsi:noNamespaceSchemaLocation="https://maven.apache.org/surefire/maven-surefire-plugin/xsd/surefire-test-report.xsd" name="com.pcwk.ehr.JUserServiceTest" time="1.876" tests="4" errors="0" skipped="3" failures="0">
  <properties>
[...]
</properties>
  <testcase name="add" classname="com.pcwk.ehr.JUserServiceTest" time="0">
    <skipped/>
    <system-out><![CDATA[[2022-11-17 10:27:57.698] INFO  AbstractTestContextBootstrapper.getDefaultTestExecutionListenerClassNames(AbstractTestContextBootstrapper.java:245) - Loaded default TestExecutionListener class names from location [META-INF/spring.factories]: [org.springframework.test.context.web.ServletTestExecutionListener, org.springframework.test.context.support.DirtiesContextBeforeModesTestExecutionListener, org.springframework.test.context.event.ApplicationEventsTestExecutionListener, org.springframework.test.context.support.DependencyInjectionTestExecutionListener, org.springframework.test.context.support.DirtiesContextTestExecutionListener, org.springframework.test.context.transaction.TransactionalTestExecutionListener, org.springframework.test.context.jdbc.SqlScriptsTestExecutionListener, org.springframework.test.context.event.EventPublishingTestExecutionListener]
[2022-11-17 10:27:57.710] INFO  AbstractTestContextBootstrapper.getTestExecutionListeners(AbstractTestContextBootstrapper.java:174) - Using TestExecutionListeners: [org.springframework.test.context.support.DirtiesContextBeforeModesTestExecutionListener@2cdd0d4b, org.springframework.test.context.event.ApplicationEventsTestExecutionListener@7e9131d5, org.springframework.test.context.support.DependencyInjectionTestExecutionListener@2e1d27ba, org.springframework.test.context.support.DirtiesContextTestExecutionListener@61d6015a, org.springframework.test.context.transaction.TransactionalTestExecutionListener@2525ff7e, org.springframework.test.context.jdbc.SqlScriptsTestExecutionListener@524d6d96, org.springframework.test.context.event.EventPublishingTestExecutionListener@152aa092]
]]></system-out>
  </testcase>
  <testcase name="allOrNothing" classname="com.pcwk.ehr.JUserServiceTest" time="1.128"/>
  <testcase name="beans" classname="com.pcwk.ehr.JUserServiceTest" time="0">
    <skipped/>
  </testcase>
  <testcase name="upgradeLevels" classname="com.pcwk.ehr.JUserServiceTest" time="0">
    <skipped/>
  </testcase>
</testsuite>